Simple mixer control 'Master',0
  Capabilities: pvolume pvolume-joined pswitch pswitch-joined
  Playback channels: Mono
  Limits: Playback 0 - 42
  Mono: Playback 38 [90%] [-6.00dB] [on]
First arg:  50
[0606/033306.853635:ERROR:file_io_posix.cc(152)] open /home/sbp366x24/.config/google-chrome/Crash Reports/pending/934320ea-fa0f-415c-8cee-016657789fea.lock: File exists (17)
[0606/033306.853713:ERROR:file_io_posix.cc(152)] open /home/sbp366x24/.config/google-chrome/Crash Reports/pending/dfe0ea7c-7bd1-4fcb-9708-4d46576f251b.lock: File exists (17)
mpg|mushuf running instances count is:  2 . Exiting.
libva error: vaGetDriverNameByIndex() failed with unknown libva error, driver_name = (null)
[146332:146332:0606/033307.104600:ERROR:gbm_wrapper.cc(292)] Failed to export buffer to dma_buf: No such file or directory (2)
[146332:146332:0606/033307.104765:ERROR:gbm_wrapper.cc(292)] Failed to export buffer to dma_buf: No such file or directory (2)
[146332:146332:0606/033307.104904:ERROR:gbm_wrapper.cc(292)] Failed to export buffer to dma_buf: No such file or directory (2)
[146332:146332:0606/033307.105067:ERROR:gbm_wrapper.cc(292)] Failed to export buffer to dma_buf: No such file or directory (2)
[146332:146332:0606/033307.105206:ERROR:gbm_wrapper.cc(292)] Failed to export buffer to dma_buf: No such file or directory (2)
[146332:146332:0606/033307.105344:ERROR:gbm_wrapper.cc(292)] Failed to export buffer to dma_buf: No such file or directory (2)
[146332:146332:0606/033307.105483:ERROR:gbm_wrapper.cc(292)] Failed to export buffer to dma_buf: No such file or directory (2)
[146332:146332:0606/033307.105622:ERROR:gbm_wrapper.cc(292)] Failed to export buffer to dma_buf: No such file or directory (2)
[146332:146332:0606/033307.105761:ERROR:gbm_wrapper.cc(292)] Failed to export buffer to dma_buf: No such file or directory (2)
[146332:146332:0606/033307.105863:ERROR:gbm_wrapper.cc(292)] Failed to export buffer to dma_buf: No such file or directory (2)
[146332:146332:0606/033307.105965:ERROR:gbm_wrapper.cc(292)] Failed to export buffer to dma_buf: No such file or directory (2)
[146332:146332:0606/033307.106062:ERROR:gbm_wrapper.cc(292)] Failed to export buffer to dma_buf: No such file or directory (2)
[146332:146332:0606/033307.106165:ERROR:gbm_wrapper.cc(292)] Failed to export buffer to dma_buf: No such file or directory (2)
[146332:146332:0606/033307.106262:ERROR:gbm_wrapper.cc(292)] Failed to export buffer to dma_buf: No such file or directory (2)
[146332:146332:0606/033307.106361:ERROR:gbm_wrapper.cc(292)] Failed to export buffer to dma_buf: No such file or directory (2)
[146332:146332:0606/033307.106476:ERROR:gbm_wrapper.cc(292)] Failed to export buffer to dma_buf: No such file or directory (2)
[146332:146332:0606/033307.106582:ERROR:gbm_wrapper.cc(292)] Failed to export buffer to dma_buf: No such file or directory (2)
[146332:146332:0606/033307.106686:ERROR:gbm_wrapper.cc(292)] Failed to export buffer to dma_buf: No such file or directory (2)
[146332:146332:0606/033307.106788:ERROR:gbm_wrapper.cc(292)] Failed to export buffer to dma_buf: No such file or directory (2)
[146332:146332:0606/033307.106890:ERROR:gbm_wrapper.cc(292)] Failed to export buffer to dma_buf: No such file or directory (2)
[146332:146332:0606/033307.106992:ERROR:gbm_wrapper.cc(292)] Failed to export buffer to dma_buf: No such file or directory (2)
[146332:146332:0606/033307.107096:ERROR:gbm_wrapper.cc(292)] Failed to export buffer to dma_buf: No such file or directory (2)
[146332:146332:0606/033307.107199:ERROR:gbm_wrapper.cc(292)] Failed to export buffer to dma_buf: No such file or directory (2)
[146332:146332:0606/033307.107299:ERROR:gbm_wrapper.cc(292)] Failed to export buffer to dma_buf: No such file or directory (2)
[146332:146332:0606/033307.107400:ERROR:gbm_wrapper.cc(292)] Failed to export buffer to dma_buf: No such file or directory (2)
[146332:146332:0606/033307.107502:ERROR:gbm_wrapper.cc(292)] Failed to export buffer to dma_buf: No such file or directory (2)
[146332:146332:0606/033307.107604:ERROR:gbm_wrapper.cc(292)] Failed to export buffer to dma_buf: No such file or directory (2)
[146332:146332:0606/033307.107715:ERROR:gbm_wrapper.cc(292)] Failed to export buffer to dma_buf: No such file or directory (2)
[146332:146332:0606/033307.107817:ERROR:gbm_wrapper.cc(292)] Failed to export buffer to dma_buf: No such file or directory (2)
[146332:146332:0606/033307.107920:ERROR:gbm_wrapper.cc(292)] Failed to export buffer to dma_buf: No such file or directory (2)
[146332:146332:0606/033307.108023:ERROR:gbm_wrapper.cc(292)] Failed to export buffer to dma_buf: No such file or directory (2)
[146332:146332:0606/033307.108125:ERROR:gbm_wrapper.cc(292)] Failed to export buffer to dma_buf: No such file or directory (2)
[146332:146332:0606/033307.108228:ERROR:gbm_wrapper.cc(292)] Failed to export buffer to dma_buf: No such file or directory (2)
[146332:146332:0606/033307.108325:ERROR:gbm_wrapper.cc(292)] Failed to export buffer to dma_buf: No such file or directory (2)
[146332:146332:0606/033307.108425:ERROR:gbm_wrapper.cc(292)] Failed to export buffer to dma_buf: No such file or directory (2)
[146332:146332:0606/033307.108525:ERROR:gbm_wrapper.cc(292)] Failed to export buffer to dma_buf: No such file or directory (2)
[146332:146332:0606/033307.108622:ERROR:gbm_wrapper.cc(292)] Failed to export buffer to dma_buf: No such file or directory (2)
[146332:146332:0606/033307.108727:ERROR:gbm_wrapper.cc(292)] Failed to export buffer to dma_buf: No such file or directory (2)
[146332:146332:0606/033307.108828:ERROR:gbm_wrapper.cc(292)] Failed to export buffer to dma_buf: No such file or directory (2)
[146332:146332:0606/033307.108927:ERROR:gbm_wrapper.cc(292)] Failed to export buffer to dma_buf: No such file or directory (2)
Opening in existing browser session.
libva error: vaGetDriverNameByIndex() failed with unknown libva error, driver_name = (null)
[71507:71507:0610/090617.889418:ERROR:gbm_wrapper.cc(292)] Failed to export buffer to dma_buf: No such file or directory (2)
[71507:71507:0610/090617.889627:ERROR:gbm_wrapper.cc(292)] Failed to export buffer to dma_buf: No such file or directory (2)
[71507:71507:0610/090617.889825:ERROR:gbm_wrapper.cc(292)] Failed to export buffer to dma_buf: No such file or directory (2)
[71507:71507:0610/090617.889990:ERROR:gbm_wrapper.cc(292)] Failed to export buffer to dma_buf: No such file or directory (2)
[71507:71507:0610/090617.890226:ERROR:gbm_wrapper.cc(292)] Failed to export buffer to dma_buf: No such file or directory (2)
[71507:71507:0610/090617.890393:ERROR:gbm_wrapper.cc(292)] Failed to export buffer to dma_buf: No such file or directory (2)
[71507:71507:0610/090617.890562:ERROR:gbm_wrapper.cc(292)] Failed to export buffer to dma_buf: No such file or directory (2)
[71507:71507:0610/090617.890707:ERROR:gbm_wrapper.cc(292)] Failed to export buffer to dma_buf: No such file or directory (2)
[71507:71507:0610/090617.890846:ERROR:gbm_wrapper.cc(292)] Failed to export buffer to dma_buf: No such file or directory (2)
[71507:71507:0610/090617.890957:ERROR:gbm_wrapper.cc(292)] Failed to export buffer to dma_buf: No such file or directory (2)
[71507:71507:0610/090617.891053:ERROR:gbm_wrapper.cc(292)] Failed to export buffer to dma_buf: No such file or directory (2)
[71507:71507:0610/090617.891153:ERROR:gbm_wrapper.cc(292)] Failed to export buffer to dma_buf: No such file or directory (2)
[71507:71507:0610/090617.891256:ERROR:gbm_wrapper.cc(292)] Failed to export buffer to dma_buf: No such file or directory (2)
[71507:71507:0610/090617.891357:ERROR:gbm_wrapper.cc(292)] Failed to export buffer to dma_buf: No such file or directory (2)
[71507:71507:0610/090617.891451:ERROR:gbm_wrapper.cc(292)] Failed to export buffer to dma_buf: No such file or directory (2)
[71507:71507:0610/090617.891550:ERROR:gbm_wrapper.cc(292)] Failed to export buffer to dma_buf: No such file or directory (2)
[71507:71507:0610/090617.891646:ERROR:gbm_wrapper.cc(292)] Failed to export buffer to dma_buf: No such file or directory (2)
[71507:71507:0610/090617.891741:ERROR:gbm_wrapper.cc(292)] Failed to export buffer to dma_buf: No such file or directory (2)
[71507:71507:0610/090617.891835:ERROR:gbm_wrapper.cc(292)] Failed to export buffer to dma_buf: No such file or directory (2)
[71507:71507:0610/090617.891945:ERROR:gbm_wrapper.cc(292)] Failed to export buffer to dma_buf: No such file or directory (2)
[71507:71507:0610/090617.892041:ERROR:gbm_wrapper.cc(292)] Failed to export buffer to dma_buf: No such file or directory (2)
[71507:71507:0610/090617.892142:ERROR:gbm_wrapper.cc(292)] Failed to export buffer to dma_buf: No such file or directory (2)
[71507:71507:0610/090617.892236:ERROR:gbm_wrapper.cc(292)] Failed to export buffer to dma_buf: No such file or directory (2)
[71507:71507:0610/090617.892331:ERROR:gbm_wrapper.cc(292)] Failed to export buffer to dma_buf: No such file or directory (2)
[71507:71507:0610/090617.892425:ERROR:gbm_wrapper.cc(292)] Failed to export buffer to dma_buf: No such file or directory (2)
[71507:71507:0610/090617.892520:ERROR:gbm_wrapper.cc(292)] Failed to export buffer to dma_buf: No such file or directory (2)
[71507:71507:0610/090617.892614:ERROR:gbm_wrapper.cc(292)] Failed to export buffer to dma_buf: No such file or directory (2)
[71507:71507:0610/090617.892709:ERROR:gbm_wrapper.cc(292)] Failed to export buffer to dma_buf: No such file or directory (2)
[71507:71507:0610/090617.892802:ERROR:gbm_wrapper.cc(292)] Failed to export buffer to dma_buf: No such file or directory (2)
[71507:71507:0610/090617.892896:ERROR:gbm_wrapper.cc(292)] Failed to export buffer to dma_buf: No such file or directory (2)
[71507:71507:0610/090617.892990:ERROR:gbm_wrapper.cc(292)] Failed to export buffer to dma_buf: No such file or directory (2)
[71507:71507:0610/090617.893084:ERROR:gbm_wrapper.cc(292)] Failed to export buffer to dma_buf: No such file or directory (2)
[71507:71507:0610/090617.893177:ERROR:gbm_wrapper.cc(292)] Failed to export buffer to dma_buf: No such file or directory (2)
[71507:71507:0610/090617.893271:ERROR:gbm_wrapper.cc(292)] Failed to export buffer to dma_buf: No such file or directory (2)
[71507:71507:0610/090617.893387:ERROR:gbm_wrapper.cc(292)] Failed to export buffer to dma_buf: No such file or directory (2)
[71507:71507:0610/090617.894180:ERROR:gbm_wrapper.cc(292)] Failed to export buffer to dma_buf: No such file or directory (2)
[71507:71507:0610/090617.894299:ERROR:gbm_wrapper.cc(292)] Failed to export buffer to dma_buf: No such file or directory (2)
[71507:71507:0610/090617.894405:ERROR:gbm_wrapper.cc(292)] Failed to export buffer to dma_buf: No such file or directory (2)
[71507:71507:0610/090617.894500:ERROR:gbm_wrapper.cc(292)] Failed to export buffer to dma_buf: No such file or directory (2)
[71507:71507:0610/090617.894595:ERROR:gbm_wrapper.cc(292)] Failed to export buffer to dma_buf: No such file or directory (2)
Opening in existing browser session.
libva error: vaGetDriverNameByIndex() failed with unknown libva error, driver_name = (null)
[71673:71673:0610/090627.839525:ERROR:gbm_wrapper.cc(292)] Failed to export buffer to dma_buf: No such file or directory (2)
[71673:71673:0610/090627.839708:ERROR:gbm_wrapper.cc(292)] Failed to export buffer to dma_buf: No such file or directory (2)
[71673:71673:0610/090627.839829:ERROR:gbm_wrapper.cc(292)] Failed to export buffer to dma_buf: No such file or directory (2)
[71673:71673:0610/090627.839950:ERROR:gbm_wrapper.cc(292)] Failed to export buffer to dma_buf: No such file or directory (2)
[71673:71673:0610/090627.840105:ERROR:gbm_wrapper.cc(292)] Failed to export buffer to dma_buf: No such file or directory (2)
[71673:71673:0610/090627.840252:ERROR:gbm_wrapper.cc(292)] Failed to export buffer to dma_buf: No such file or directory (2)
[71673:71673:0610/090627.840394:ERROR:gbm_wrapper.cc(292)] Failed to export buffer to dma_buf: No such file or directory (2)
[71673:71673:0610/090627.840521:ERROR:gbm_wrapper.cc(292)] Failed to export buffer to dma_buf: No such file or directory (2)
[71673:71673:0610/090627.840651:ERROR:gbm_wrapper.cc(292)] Failed to export buffer to dma_buf: No such file or directory (2)
[71673:71673:0610/090627.840781:ERROR:gbm_wrapper.cc(292)] Failed to export buffer to dma_buf: No such file or directory (2)
[71673:71673:0610/090627.840919:ERROR:gbm_wrapper.cc(292)] Failed to export buffer to dma_buf: No such file or directory (2)
[71673:71673:0610/090627.841078:ERROR:gbm_wrapper.cc(292)] Failed to export buffer to dma_buf: No such file or directory (2)
[71673:71673:0610/090627.841251:ERROR:gbm_wrapper.cc(292)] Failed to export buffer to dma_buf: No such file or directory (2)
[71673:71673:0610/090627.841394:ERROR:gbm_wrapper.cc(292)] Failed to export buffer to dma_buf: No such file or directory (2)
[71673:71673:0610/090627.841541:ERROR:gbm_wrapper.cc(292)] Failed to export buffer to dma_buf: No such file or directory (2)
[71673:71673:0610/090627.841690:ERROR:gbm_wrapper.cc(292)] Failed to export buffer to dma_buf: No such file or directory (2)
[71673:71673:0610/090627.841820:ERROR:gbm_wrapper.cc(292)] Failed to export buffer to dma_buf: No such file or directory (2)
[71673:71673:0610/090627.841951:ERROR:gbm_wrapper.cc(292)] Failed to export buffer to dma_buf: No such file or directory (2)
[71673:71673:0610/090627.842084:ERROR:gbm_wrapper.cc(292)] Failed to export buffer to dma_buf: No such file or directory (2)
[71673:71673:0610/090627.842218:ERROR:gbm_wrapper.cc(292)] Failed to export buffer to dma_buf: No such file or directory (2)
[71673:71673:0610/090627.842361:ERROR:gbm_wrapper.cc(292)] Failed to export buffer to dma_buf: No such file or directory (2)
[71673:71673:0610/090627.842495:ERROR:gbm_wrapper.cc(292)] Failed to export buffer to dma_buf: No such file or directory (2)
[71673:71673:0610/090627.842620:ERROR:gbm_wrapper.cc(292)] Failed to export buffer to dma_buf: No such file or directory (2)
[71673:71673:0610/090627.842752:ERROR:gbm_wrapper.cc(292)] Failed to export buffer to dma_buf: No such file or directory (2)
[71673:71673:0610/090627.842889:ERROR:gbm_wrapper.cc(292)] Failed to export buffer to dma_buf: No such file or directory (2)
[71673:71673:0610/090627.843027:ERROR:gbm_wrapper.cc(292)] Failed to export buffer to dma_buf: No such file or directory (2)
[71673:71673:0610/090627.843160:ERROR:gbm_wrapper.cc(292)] Failed to export buffer to dma_buf: No such file or directory (2)
[71673:71673:0610/090627.843293:ERROR:gbm_wrapper.cc(292)] Failed to export buffer to dma_buf: No such file or directory (2)
[71673:71673:0610/090627.843427:ERROR:gbm_wrapper.cc(292)] Failed to export buffer to dma_buf: No such file or directory (2)
[71673:71673:0610/090627.843564:ERROR:gbm_wrapper.cc(292)] Failed to export buffer to dma_buf: No such file or directory (2)
[71673:71673:0610/090627.843702:ERROR:gbm_wrapper.cc(292)] Failed to export buffer to dma_buf: No such file or directory (2)
[71673:71673:0610/090627.843884:ERROR:gbm_wrapper.cc(292)] Failed to export buffer to dma_buf: No such file or directory (2)
[71673:71673:0610/090627.844029:ERROR:gbm_wrapper.cc(292)] Failed to export buffer to dma_buf: No such file or directory (2)
[71673:71673:0610/090627.844160:ERROR:gbm_wrapper.cc(292)] Failed to export buffer to dma_buf: No such file or directory (2)
[71673:71673:0610/090627.844286:ERROR:gbm_wrapper.cc(292)] Failed to export buffer to dma_buf: No such file or directory (2)
[71673:71673:0610/090627.844419:ERROR:gbm_wrapper.cc(292)] Failed to export buffer to dma_buf: No such file or directory (2)
[71673:71673:0610/090627.844552:ERROR:gbm_wrapper.cc(292)] Failed to export buffer to dma_buf: No such file or directory (2)
[71673:71673:0610/090627.844688:ERROR:gbm_wrapper.cc(292)] Failed to export buffer to dma_buf: No such file or directory (2)
[71673:71673:0610/090627.844824:ERROR:gbm_wrapper.cc(292)] Failed to export buffer to dma_buf: No such file or directory (2)
[71673:71673:0610/090627.844955:ERROR:gbm_wrapper.cc(292)] Failed to export buffer to dma_buf: No such file or directory (2)
Opening in existing browser session.
bash: ic: No such file or directory
GDBus.Error:org.freedesktop.DBus.Error.NoReply: Message recipient disconnected from message bus without replying

(gnome-calendar:107508): GcalManager-WARNING **: 10:31:51.252: source_credentials_required_cb: Failed to authenticate 'Contacts': Failed to obtain an access token for “Contacts”: No credentials found in the keyring

(gnome-calendar:107508): GcalManager-WARNING **: 10:31:51.252: source_credentials_required_cb: Failed to authenticate 'gerardandroidsecret@gmail.com': Failed to obtain an access token for “gerardandroidsecret@gmail.com”: No credentials found in the keyring

(gnome-calendar:107508): GcalManager-WARNING **: 10:31:51.252: source_credentials_required_cb: Failed to authenticate 'Holidays in United States': Failed to obtain an access token for “Holidays in United States”: No credentials found in the keyring

(gnome-calendar:107508): GcalWeatherService-WARNING **: 10:31:51.410: Could not create GCLueSimple: GDBus.Error:org.freedesktop.DBus.Error.AccessDenied: Geolocation disabled for UID 1000
